[INFO]: Run Directory: /users/students/r0757781/Documents/COMP-ARCH/CA_Exercise-main/CA_Exercises/Backend/runs/230427-124505_SOLUTION3_pipeline_basic_MULT2
[INFO]: Preparing LEF files for the nom corner...
[INFO]: Preparing LEF files for the min corner...
[INFO]: Preparing LEF files for the max corner...
[INFO]: Running Synthesis (log: runs/230427-124505_SOLUTION3_pipeline_basic_MULT2/logs/synthesis/1-synthesis.log)...
[ERROR]: Synthesis failed. Signal not matching port size. Search for 'Resizing cell port' in /users/students/r0757781/Documents/COMP-ARCH/CA_Exercise-main/CA_Exercises/Backend/runs/230427-124505_SOLUTION3_pipeline_basic_MULT2/logs/synthesis/1-synthesis.log
[ERROR]: Step(1:synthesis) failed with error:
-code 1 -level 0 -errorstack {INNER {invokeStk1 throw_error} CALL {check_resizing_cell_port /users/students/r0757781/Documents/COMP-ARCH/CA_Exercise-main/CA_Exercises/Backend/runs/230427-124505_SOLUTION3_pipeline_basic_MULT2/logs/synthesis/1-synthesis.log} CALL {run_synthesis_checkers /users/students/r0757781/Documents/COMP-ARCH/CA_Exercise-main/CA_Exercises/Backend/runs/230427-124505_SOLUTION3_pipeline_basic_MULT2/logs/synthesis/1-synthesis.log /users/students/r0757781/Documents/COMP-ARCH/CA_Exercise-main/CA_Exercises/Backend/runs/230427-124505_SOLUTION3_pipeline_basic_MULT2/reports/synthesis/1-synthesis_pre_synth.chk.rpt} CALL run_synthesis CALL {run_non_interactive_mode -design . -ignore_mismatches -tag 230427-124505_SOLUTION3_pipeline_basic_MULT2 -overwrite -to synthesis}} -errorcode NONE -errorinfo {
    while executing
"throw_error"
    (procedure "check_resizing_cell_port" line 7)
    invoked from within
"check_resizing_cell_port $log"
    (procedure "run_synthesis_checkers" line 4)
    invoked from within
"run_synthesis_checkers $log $pre_synth_report"
    (procedure "run_synthesis" line 19)
    invoked from within
"run_synthesis"} -errorline 1
[INFO]: Saving current set of views in 'runs/230427-124505_SOLUTION3_pipeline_basic_MULT2/results/final'...
[INFO]: Generating final set of reports...
[INFO]: Created manufacturability report at 'runs/230427-124505_SOLUTION3_pipeline_basic_MULT2/reports/manufacturability.rpt'.
[INFO]: Created metrics report at 'runs/230427-124505_SOLUTION3_pipeline_basic_MULT2/reports/metrics.csv'.
[INFO]: Saving runtime environment...
[ERROR]: Flow failed.
